[32m[Nest] 77650  - [39m01/09/2026, 2:15:16 PM [32m    LOG[39m [38;5;3m[NestFactory] [39m[32mStarting Nest application...[39m
[32m[Nest] 77650  - [39m01/09/2026, 2:15:16 PM [32m    LOG[39m [38;5;3m[InstanceLoader] [39m[32mAppModule dependencies initialized[39m[38;5;3m +12ms[39m
[32m[Nest] 77650  - [39m01/09/2026, 2:15:16 PM [32m    LOG[39m [38;5;3m[InstanceLoader] [39m[32mTypeOrmModule dependencies initialized[39m[38;5;3m +0ms[39m
[31m[Nest] 77650  - [39m01/09/2026, 2:15:16 PM [31m  ERROR[39m [38;5;3m[ExceptionHandler] [39mUnknownDependenciesException [Error]: Nest can't resolve dependencies of the PhotosService (FieldPhotoRepository, ?). Please make sure that the argument "ProjectRepository" at index [1] is available in the PhotosModule context.

Potential solutions:
- Is PhotosModule a valid NestJS module?
- If "ProjectRepository" is a provider, is it part of the current PhotosModule?
- If "ProjectRepository" is exported from a separate @Module, is that module imported within PhotosModule?
  @Module({
    imports: [ /* the Module containing "ProjectRepository" */ ]
  })

For more common dependency resolution issues, see: https://docs.nestjs.com/faq/common-errors
    at Injector.lookupComponentInParentModules [90m(/Users/bma/Desktop/SAHA'M/backend/[39mnode_modules/[4m@nestjs/core[24m/injector/injector.js:290:19[90m)[39m
    at async resolveParam [90m(/Users/bma/Desktop/SAHA'M/backend/[39mnode_modules/[4m@nestjs/core[24m/injector/injector.js:140:38[90m)[39m
    at async Promise.all (index 1)
    at async Injector.resolveConstructorParams [90m(/Users/bma/Desktop/SAHA'M/backend/[39mnode_modules/[4m@nestjs/core[24m/injector/injector.js:169:27[90m)[39m
    at async Injector.loadInstance [90m(/Users/bma/Desktop/SAHA'M/backend/[39mnode_modules/[4m@nestjs/core[24m/injector/injector.js:75:13[90m)[39m
    at async Injector.loadProvider [90m(/Users/bma/Desktop/SAHA'M/backend/[39mnode_modules/[4m@nestjs/core[24m/injector/injector.js:103:9[90m)[39m
    at async [90m/Users/bma/Desktop/SAHA'M/backend/[39mnode_modules/[4m@nestjs/core[24m/injector/instance-loader.js:56:13
    at async Promise.all (index 3)
    at async InstanceLoader.createInstancesOfProviders [90m(/Users/bma/Desktop/SAHA'M/backend/[39mnode_modules/[4m@nestjs/core[24m/injector/instance-loader.js:55:9[90m)[39m
    at async [90m/Users/bma/Desktop/SAHA'M/backend/[39mnode_modules/[4m@nestjs/core[24m/injector/instance-loader.js:40:13 {
  type: [32m'PhotosService'[39m,
  context: {
    index: [33m1[39m,
    dependencies: [
      [32m'FieldPhotoRepository'[39m,
      [32m'ProjectRepository'[39m
    ],
    name: [32m'ProjectRepository'[39m
  },
  metadata: {
    id: [32m'3dffbc8a54f6c33a424d5'[39m
  },
 [31m[Nest] 77273  - [39m01/09/2026, 2:59:28 PM [31m  ERROR[39m [38;5;3m[ExceptionsHandler] [39mQueryFailedError: SQLITE_CONSTRAINT: FOREIGN KEY constraint failed
    at Statement.handler [90m(/Users/bma/Desktop/SAHA'M/backend/[39mnode_modules/[4mtypeorm[24m/driver/sqlite/SqliteQueryRunner.js:88:37[90m)[39m {
  query: [32m'INSERT INTO "field_photos"("id", "project_id", "s3_key", "bucket", "sha256_hash", "category", "gps_lat", "gps_lng", "gps_accuracy", "device_timestamp", "server_timestamp", "is_offline_capture", "time_diff_seconds", "sequence_group_id", "voice_note_text") VALUES (?, ?, ?, ?, ?, ?, 38.73705129045385, 35.49197328296977, ?, ?, ?, 0, 0, ?, NULL)'[39m,
  parameters: [
    [32m'9b548894-7f93-4600-becc-b39f7c9f0dd3'[39m,
    [32m''[39m,
    [32m'projects//b8f6514edaf122f8109a12341cf9e55bc173233d06e0d22e7044ca25b8678efc.jpg'[39m,
    [32m'saham-production-bucket'[39m,
    [32m'b8f6514edaf122f8109a12341cf9e55bc173233d06e0d22e7044ca25b8678efc'[39m,
    [32m'KANAL_ICI'[39m,
    [1mnull[22m,
    [32m'2026-01-09 11:59:24.220'[39m,
    [32m'2026-01-09 11:59:28.193'[39m,
    [32m'ae7664bf-2724-46d5-b4ac-fc64669a3220'[39m
  ],
  driverError: [Error: SQLITE_CONSTRAINT: FOREIGN KEY constraint failed] {
    errno: [33m19[39m,
    code: [32m'SQLITE_CONSTRAINT'[39m
  },
  errno: [33m19[39m,
  code: [32m'SQLITE_CONSTRAINT'[39m
}
[31m[Nest] 77273  - [39m01/09/2026, 3:54:06 PM [31m  ERROR[39m [38;5;3m[ExceptionsHandler] [39mQueryFailedError: SQLITE_CONSTRAINT: FOREIGN KEY constraint failed
    at Statement.handler [90m(/Users/bma/Desktop/SAHA'M/backend/[39mnode_modules/[4mtypeorm[24m/driver/sqlite/SqliteQueryRunner.js:88:37[90m)[39m {
  query: [32m'INSERT INTO "field_photos"("id", "project_id", "s3_key", "bucket", "sha256_hash", "category", "gps_lat", "gps_lng", "gps_accuracy", "device_timestamp", "server_timestamp", "is_offline_capture", "time_diff_seconds", "sequence_group_id", "voice_note_text") VALUES (?, ?, ?, ?, ?, ?, 38.73705129045385, 35.49197328296977, ?, ?, ?, 0, 0, ?, NULL)'[39m,
  parameters: [
    [32m'8691d7a7-6fc0-40a8-9148-3ab0b91ec8f1'[39m,
    [32m''[39m,
    [32m'projects//b8f6514edaf122f8109a12341cf9e55bc173233d06e0d22e7044ca25b8678efc.jpg'[39m,
    [32m'saham-production-bucket'[39m,
    [32m'b8f6514edaf122f8109a12341cf9e55bc173233d06e0d22e7044ca25b8678efc'[39m,
    [32m'KANAL_ICI'[39m,
    [1mnull[22m,
    [32m'2026-01-09 11:59:24.220'[39m,
    [32m'2026-01-09 12:54:06.538'[39m,
    [32m'5d1cd1e2-79bd-42e2-9428-20af3985b235'[39m
  ],
  driverError: [Error: SQLITE_CONSTRAINT: FOREIGN KEY constraint failed] {
    errno: [33m19[39m,
    code: [32m'SQLITE_CONSTRAINT'[39m
  },
  errno: [33m19[39m,
  code: [32m'SQLITE_CONSTRAINT'[39m
}
